<?xml version="1.0" encoding="UTF-8"?>
<!-- Generated by org.testng.reporters.JUnitReportReporter -->
<testsuite skipped="0" hostname="DESKTOP-830CFB9" name="Zadatak20_09_2022_tests.KatalonShopTests" tests="2" failures="0" timestamp="2022-09-20T23:35:38 CEST" time="30.918" errors="0">
  <testcase name="addingProductWithQuantityToTheCart" time="7.045" classname="Zadatak20_09_2022_tests.KatalonShopTests"/>
  <system-out/>
  <testcase name="removingProductFromCart" time="23.873" classname="Zadatak20_09_2022_tests.KatalonShopTests"/>
  <system-out/>
</testsuite> <!-- Zadatak20_09_2022_tests.KatalonShopTests -->
