<?xml version="1.0" encoding="UTF-8"?>
<!-- Generated by org.testng.reporters.JUnitReportReporter -->
<testsuite skipped="0" hostname="DESKTOP-830CFB9" name="p19_08_2022.KatalonLoginTest" tests="3" failures="0" timestamp="2022-09-19T21:23:35 CEST" time="10.848" errors="0">
  <testcase name="visitLoginPageFromNavBar" time="3.962" classname="p19_08_2022.KatalonLoginTest"/>
  <system-out/>
  <testcase name="checkInputTypes" time="2.782" classname="p19_08_2022.KatalonLoginTest"/>
  <system-out/>
  <testcase name="displayErrorWhenCredentialsAreWrong" time="4.104" classname="p19_08_2022.KatalonLoginTest"/>
  <system-out/>
</testsuite> <!-- p19_08_2022.KatalonLoginTest -->
