<?xml version="1.0" encoding="UTF-8"?>
<!-- Generated by org.testng.reporters.JUnitReportReporter -->
<testsuite skipped="0" hostname="DESKTOP-830CFB9" name="tests.CartTests" tests="1" failures="0" timestamp="2022-09-23T21:42:42 CEST" time="28.817" errors="0">
  <testcase name="addingProductToTheCart" time="28.817" classname="tests.CartTests"/>
  <system-out/>
</testsuite> <!-- tests.CartTests -->
