<?xml version="1.0" encoding="UTF-8"?>
<!-- Generated by org.testng.reporters.JUnitReportReporter -->
<testsuite skipped="0" hostname="DESKTOP-830CFB9" name="tests.HeadPageTests" tests="3" failures="0" timestamp="2022-09-23T21:04:59 CEST" time="23.619" errors="0">
  <testcase name="topMenuMouseOver" time="5.954" classname="tests.HeadPageTests"/>
  <system-out/>
  <testcase name="phoneNumberVisibilityCheckOnResize" time="4.497" classname="tests.HeadPageTests"/>
  <system-out/>
  <testcase name="headerLinksCheck" time="13.168" classname="tests.HeadPageTests"/>
  <system-out/>
</testsuite> <!-- tests.HeadPageTests -->
