<?xml version="1.0" encoding="UTF-8"?>
<!-- Generated by org.testng.reporters.JUnitReportReporter -->
<testsuite skipped="0" hostname="DESKTOP-830CFB9" name="tests.HeadPageTests" tests="3" failures="0" timestamp="2022-09-23T21:43:42 CEST" time="14.764" errors="0">
  <testcase name="topMenuMouseOver" time="4.748" classname="tests.HeadPageTests"/>
  <system-out/>
  <testcase name="phoneNumberVisibilityCheckOnResize" time="3.590" classname="tests.HeadPageTests"/>
  <system-out/>
  <testcase name="headerLinksCheck" time="6.426" classname="tests.HeadPageTests"/>
  <system-out/>
</testsuite> <!-- tests.HeadPageTests -->
