<?xml version="1.0" encoding="UTF-8"?>
<!-- Generated by org.testng.reporters.JUnitReportReporter -->
<testsuite skipped="0" hostname="DESKTOP-830CFB9" name="Zadatak20_09_2022_tests.KatalonShopTests" tests="7" failures="0" timestamp="2022-09-25T16:19:19 CEST" time="46.236" errors="0">
  <testcase name="addingProductWithQuantityToTheCart" time="5.249" classname="Zadatak20_09_2022_tests.KatalonShopTests"/>
  <system-out/>
  <testcase name="removingProductFromCart" time="23.312" classname="Zadatak20_09_2022_tests.KatalonShopTests"/>
  <system-out/>
  <testcase name="verifyErrorIsDisplayedWhenUsernameIsMissing" time="4.511" classname="Zadatak20_09_2022_tests.KatalonShopTests"/>
  <system-out/>
  <testcase name="verifyErrorIsDisplayedWhenPasswordIsMissing" time="2.983" classname="Zadatak20_09_2022_tests.KatalonShopTests"/>
  <system-out/>
  <testcase name="verifyErrorIsDisplayedWhenPasswordIsWrong" time="3.152" classname="Zadatak20_09_2022_tests.KatalonShopTests"/>
  <system-out/>
  <testcase name="verifyErrorIsDisplayedWhenUserDoesNotExist" time="3.126" classname="Zadatak20_09_2022_tests.KatalonShopTests"/>
  <system-out/>
  <testcase name="verifySuccessfulLogin" time="3.903" classname="Zadatak20_09_2022_tests.KatalonShopTests"/>
  <system-out/>
</testsuite> <!-- Zadatak20_09_2022_tests.KatalonShopTests -->
