<?xml version="1.0" encoding="UTF-8"?>
<!-- Generated by org.testng.reporters.JUnitReportReporter -->
<testsuite skipped="0" hostname="DESKTOP-830CFB9" name="d19_09_2022.BootstrapTableTests" tests="3" failures="0" timestamp="2022-09-21T02:33:16 CEST" time="33.342" errors="0">
  <testcase name="editRow" time="10.504" classname="d19_09_2022.BootstrapTableTests"/>
  <system-out/>
  <testcase name="deleteRow" time="16.812" classname="d19_09_2022.BootstrapTableTests"/>
  <system-out/>
  <testcase name="takeAScreenshot" time="6.026" classname="d19_09_2022.BootstrapTableTests"/>
  <system-out/>
</testsuite> <!-- d19_09_2022.BootstrapTableTests -->
